[debug] [2018-05-12T15:53:34.629Z] ----------------------------------------------------------------------
[debug] [2018-05-12T15:53:34.631Z] Command:       /usr/local/nvm/versions/node/v8.9.4/bin/node /usr/local/nvm/versions/node/v8.9.4/bin/firebase serve --only hosting
[debug] [2018-05-12T15:53:34.632Z] CLI Version:   3.18.4
[debug] [2018-05-12T15:53:34.632Z] Platform:      linux
[debug] [2018-05-12T15:53:34.632Z] Node Version:  v8.9.4
[debug] [2018-05-12T15:53:34.632Z] Time:          Sat May 12 2018 11:53:34 GMT-0400 (EDT)
[debug] [2018-05-12T15:53:34.632Z] ----------------------------------------------------------------------
[debug] 
[debug] [2018-05-12T15:53:34.639Z] > command requires scopes: ["email","openid","https://www.googleapis.com/auth/cloudplatformprojects.readonly","https://www.googleapis.com/auth/firebase","https://www.googleapis.com/auth/cloud-platform"]
[debug] [2018-05-12T15:53:34.639Z] > authorizing via signed-in user
[debug] [2018-05-12T15:53:34.641Z] >>> HTTP REQUEST GET https://admin.firebase.com/v1/projects/mathbuddytest  
  
 Sat May 12 2018 11:53:34 GMT-0400 (EDT)
[debug] [2018-05-12T15:53:34.971Z] <<< HTTP RESPONSE 200
[debug] [2018-05-12T15:53:34.972Z] >>> HTTP REQUEST GET https://admin.firebase.com/v1/database/mathbuddytest/tokens  
  
 Sat May 12 2018 11:53:34 GMT-0400 (EDT)
[debug] [2018-05-12T15:53:35.259Z] <<< HTTP RESPONSE 200
[debug] [2018-05-12T15:53:35.260Z] >>> HTTP REQUEST GET https://cloudresourcemanager.googleapis.com/v1/projects/mathbuddytest  
  
 Sat May 12 2018 11:53:35 GMT-0400 (EDT)
[debug] [2018-05-12T15:53:35.363Z] <<< HTTP RESPONSE 200
[info] 
[info] === Serving from '/home/lopdie101/firebase-projects/mathbuddytest'...
[info] 
[debug] [2018-05-12T15:53:35.365Z] >>> HTTP REQUEST GET https://mobilesdk-pa.googleapis.com/v1/projects/383355189718/clients/_:getWebAppConfig  
  
 Sat May 12 2018 11:53:35 GMT-0400 (EDT)
[debug] [2018-05-12T15:53:35.643Z] <<< HTTP RESPONSE 200
[info] i  hosting: Serving hosting files from: public
[info] ✔  hosting: Local server: http://localhost:5000

[debug] [2018-05-12T21:51:40.310Z] ----------------------------------------------------------------------
[debug] [2018-05-12T21:51:40.314Z] Command:       /usr/local/nvm/versions/node/v8.9.4/bin/node /usr/local/nvm/versions/node/v8.9.4/bin/firebase serve --only hosting
[debug] [2018-05-12T21:51:40.314Z] CLI Version:   3.18.4
[debug] [2018-05-12T21:51:40.314Z] Platform:      linux
[debug] [2018-05-12T21:51:40.314Z] Node Version:  v8.9.4
[debug] [2018-05-12T21:51:40.314Z] Time:          Sat May 12 2018 17:51:40 GMT-0400 (EDT)
[debug] [2018-05-12T21:51:40.314Z] ----------------------------------------------------------------------
[debug] 
[debug] [2018-05-12T21:51:40.349Z] > command requires scopes: ["email","openid","https://www.googleapis.com/auth/cloudplatformprojects.readonly","https://www.googleapis.com/auth/firebase","https://www.googleapis.com/auth/cloud-platform"]
[debug] [2018-05-12T21:51:40.350Z] > authorizing via signed-in user
[debug] [2018-05-12T21:51:40.352Z] > refreshing access token with scopes: ["email","https://www.googleapis.com/auth/cloud-platform","https://www.googleapis.com/auth/cloudplatformprojects.readonly","https://www.googleapis.com/auth/firebase","openid"]
[debug] [2018-05-12T21:51:40.352Z] >>> HTTP REQUEST POST https://www.googleapis.com/oauth2/v3/token  
 { refresh_token: '1/FeUmkvgUYBpVMUUHFdqrxkc5055pYinHBMU3-zP75QI',
  client_id: '563584335869-fgrhgmd47bqnekij5i8b5pr03ho849e6.apps.googleusercontent.com',
  client_secret: 'j9iVZfS8kkCEFUPaAeJV0sAi',
  grant_type: 'refresh_token',
  scope: 'email https://www.googleapis.com/auth/cloud-platform https://www.googleapis.com/auth/cloudplatformprojects.readonly https://www.googleapis.com/auth/firebase openid' } 
 Sat May 12 2018 17:51:40 GMT-0400 (EDT)
[debug] [2018-05-12T21:51:40.478Z] <<< HTTP RESPONSE 200
[debug] [2018-05-12T21:51:40.493Z] >>> HTTP REQUEST GET https://admin.firebase.com/v1/projects/mathbuddytest  
  
 Sat May 12 2018 17:51:40 GMT-0400 (EDT)
[debug] [2018-05-12T21:51:40.838Z] <<< HTTP RESPONSE 200
[debug] [2018-05-12T21:51:40.839Z] >>> HTTP REQUEST GET https://admin.firebase.com/v1/database/mathbuddytest/tokens  
  
 Sat May 12 2018 17:51:40 GMT-0400 (EDT)
[debug] [2018-05-12T21:51:41.267Z] <<< HTTP RESPONSE 200
[debug] [2018-05-12T21:51:41.268Z] >>> HTTP REQUEST GET https://cloudresourcemanager.googleapis.com/v1/projects/mathbuddytest  
  
 Sat May 12 2018 17:51:41 GMT-0400 (EDT)
[debug] [2018-05-12T21:51:41.584Z] <<< HTTP RESPONSE 200
[info] 
[info] === Serving from '/home/lopdie101/firebase-projects/mathbuddytest'...
[info] 
[debug] [2018-05-12T21:51:41.587Z] >>> HTTP REQUEST GET https://mobilesdk-pa.googleapis.com/v1/projects/383355189718/clients/_:getWebAppConfig  
  
 Sat May 12 2018 17:51:41 GMT-0400 (EDT)
[debug] [2018-05-12T21:51:41.981Z] <<< HTTP RESPONSE 200
[info] i  hosting: Serving hosting files from: public
[info] ✔  hosting: Local server: http://localhost:5000

